
10월 25, 2021 14:43:38.963 NEW SESSION
10월 25, 2021 14:43:38.963 [12108:10672:1025/144338.959:ERROR:chrome_browser_main_extra_parts_metrics.cc(228)] crbug.com/1216328: Checking Bluetooth availability started. Please report if there is no report that this ends.
10월 25, 2021 14:43:38.967 [12108:10672:1025/144338.967:ERROR:chrome_browser_main_extra_parts_metrics.cc(231)] crbug.com/1216328: Checking Bluetooth availability ended.
10월 25, 2021 14:43:38.969 [12108:10672:1025/144338.968:ERROR:chrome_browser_main_extra_parts_metrics.cc(234)] crbug.com/1216328: Checking default browser status started. Please report if there is no report that this ends.
10월 25, 2021 14:43:38.971 [12108:12484:1025/144338.971:ERROR:device_event_log_impl.cc(214)] [14:43:38.970] Bluetooth: bluetooth_adapter_winrt.cc:1073 Getting Default Adapter failed.
10월 25, 2021 14:43:38.971 [12108:10672:1025/144338.971:ERROR:chrome_browser_main_extra_parts_metrics.cc(238)] crbug.com/1216328: Checking default browser status ended.
10월 25, 2021 14:54:10.948 [4520:11072:1025/145410.947:ERROR:chrome_browser_main_extra_parts_metrics.cc(228)] crbug.com/1216328: Checking Bluetooth availability started. Please report if there is no report that this ends.
10월 25, 2021 14:54:10.952 [4520:11072:1025/145410.949:ERROR:chrome_browser_main_extra_parts_metrics.cc(231)] crbug.com/1216328: Checking Bluetooth availability ended.
10월 25, 2021 14:54:10.952 [4520:11072:1025/145410.952:ERROR:chrome_browser_main_extra_parts_metrics.cc(234)] crbug.com/1216328: Checking default browser status started. Please report if there is no report that this ends.
10월 25, 2021 14:54:10.961 [4520:11072:1025/145410.960:ERROR:chrome_browser_main_extra_parts_metrics.cc(238)] crbug.com/1216328: Checking default browser status ended.
10월 25, 2021 14:54:10.963 [4520:5188:1025/145410.962:ERROR:device_event_log_impl.cc(214)] [14:54:10.962] Bluetooth: bluetooth_adapter_winrt.cc:1073 Getting Default Adapter failed.
10월 25, 2021 15:17:33.551 [6540:10596:1025/151733.551:ERROR:chrome_browser_main_extra_parts_metrics.cc(228)] crbug.com/1216328: Checking Bluetooth availability started. Please report if there is no report that this ends.
10월 25, 2021 15:17:33.552 [6540:10596:1025/151733.551:ERROR:chrome_browser_main_extra_parts_metrics.cc(231)] crbug.com/1216328: Checking Bluetooth availability ended.
10월 25, 2021 15:17:33.552 [6540:10596:1025/151733.551:ERROR:chrome_browser_main_extra_parts_metrics.cc(234)] crbug.com/1216328: Checking default browser status started. Please report if there is no report that this ends.
10월 25, 2021 15:17:33.557 [6540:10596:1025/151733.557:ERROR:chrome_browser_main_extra_parts_metrics.cc(238)] crbug.com/1216328: Checking default browser status ended.
10월 25, 2021 15:17:33.557 [6540:13048:1025/151733.557:ERROR:device_event_log_impl.cc(214)] [15:17:33.556] Bluetooth: bluetooth_adapter_winrt.cc:1073 Getting Default Adapter failed.
10월 25, 2021 15:29:16.443 [1900:12576:1025/152916.442:ERROR:chrome_browser_main_extra_parts_metrics.cc(228)] crbug.com/1216328: Checking Bluetooth availability started. Please report if there is no report that this ends.
10월 25, 2021 15:29:16.443 [1900:12576:1025/152916.442:ERROR:chrome_browser_main_extra_parts_metrics.cc(231)] crbug.com/1216328: Checking Bluetooth availability ended.
10월 25, 2021 15:29:16.443 [1900:12576:1025/152916.442:ERROR:chrome_browser_main_extra_parts_metrics.cc(234)] crbug.com/1216328: Checking default browser status started. Please report if there is no report that this ends.
10월 25, 2021 15:29:16.449 [1900:10956:1025/152916.449:ERROR:device_event_log_impl.cc(214)] [15:29:16.449] Bluetooth: bluetooth_adapter_winrt.cc:1073 Getting Default Adapter failed.
10월 25, 2021 15:29:16.449 [1900:12576:1025/152916.449:ERROR:chrome_browser_main_extra_parts_metrics.cc(238)] crbug.com/1216328: Checking default browser status ended.
10월 25, 2021 15:41:55.507 [10476:8396:1025/154155.506:ERROR:chrome_browser_main_extra_parts_metrics.cc(228)] crbug.com/1216328: Checking Bluetooth availability started. Please report if there is no report that this ends.
10월 25, 2021 15:41:55.529 [10476:492:1025/154155.529:ERROR:device_event_log_impl.cc(214)] [15:41:55.529] Bluetooth: bluetooth_adapter_winrt.cc:1073 Getting Default Adapter failed.
10월 25, 2021 15:41:55.530 [10476:8396:1025/154155.530:ERROR:chrome_browser_main_extra_parts_metrics.cc(231)] crbug.com/1216328: Checking Bluetooth availability ended.
10월 25, 2021 15:41:55.530 [10476:8396:1025/154155.530:ERROR:chrome_browser_main_extra_parts_metrics.cc(234)] crbug.com/1216328: Checking default browser status started. Please report if there is no report that this ends.
10월 25, 2021 15:41:55.532 [10476:8396:1025/154155.532:ERROR:chrome_browser_main_extra_parts_metrics.cc(238)] crbug.com/1216328: Checking default browser status ended.
10월 25, 2021 15:47:42.144 [10476:492:1025/154742.144:ERROR:CONSOLE(1)] "console.assert", source: devtools://devtools/bundled/core/sdk/sdk.js (1)
10월 25, 2021 15:47:42.145 [10476:492:1025/154742.144:ERROR:CONSOLE(1)] "console.assert", source: devtools://devtools/bundled/core/sdk/sdk.js (1)
10월 25, 2021 15:49:03.784 [10476:492:1025/154903.784:ERROR:CONSOLE(1)] "console.assert", source: devtools://devtools/bundled/core/sdk/sdk.js (1)
10월 25, 2021 15:49:03.784 [10476:492:1025/154903.784:ERROR:CONSOLE(1)] "console.assert", source: devtools://devtools/bundled/core/sdk/sdk.js (1)
10월 25, 2021 15:50:58.198 [10476:492:1025/155058.197:ERROR:CONSOLE(1)] "console.assert", source: devtools://devtools/bundled/core/sdk/sdk.js (1)
10월 25, 2021 15:50:58.198 [10476:492:1025/155058.197:ERROR:CONSOLE(1)] "console.assert", source: devtools://devtools/bundled/core/sdk/sdk.js (1)
10월 25, 2021 15:52:09.335 [10476:492:1025/155209.335:ERROR:CONSOLE(1)] "console.assert", source: devtools://devtools/bundled/core/sdk/sdk.js (1)
10월 25, 2021 15:52:09.335 [10476:492:1025/155209.335:ERROR:CONSOLE(1)] "console.assert", source: devtools://devtools/bundled/core/sdk/sdk.js (1)
10월 25, 2021 15:53:27.207 [10476:492:1025/155327.207:ERROR:CONSOLE(1)] "console.assert", source: devtools://devtools/bundled/core/sdk/sdk.js (1)
10월 25, 2021 15:53:27.207 [10476:492:1025/155327.207:ERROR:CONSOLE(1)] "console.assert", source: devtools://devtools/bundled/core/sdk/sdk.js (1)
10월 25, 2021 15:54:28.944 [10476:492:1025/155428.943:ERROR:CONSOLE(1)] "console.assert", source: devtools://devtools/bundled/core/sdk/sdk.js (1)
10월 25, 2021 15:54:28.944 [10476:492:1025/155428.944:ERROR:CONSOLE(1)] "console.assert", source: devtools://devtools/bundled/core/sdk/sdk.js (1)
10월 25, 2021 15:56:19.887 [10476:492:1025/155619.886:ERROR:CONSOLE(1)] "console.assert", source: devtools://devtools/bundled/core/sdk/sdk.js (1)
10월 25, 2021 15:56:19.887 [10476:492:1025/155619.886:ERROR:CONSOLE(1)] "console.assert", source: devtools://devtools/bundled/core/sdk/sdk.js (1)
10월 25, 2021 15:57:55.222 [10476:492:1025/155755.222:ERROR:CONSOLE(1)] "console.assert", source: devtools://devtools/bundled/core/sdk/sdk.js (1)
10월 25, 2021 15:57:55.222 [10476:492:1025/155755.222:ERROR:CONSOLE(1)] "console.assert", source: devtools://devtools/bundled/core/sdk/sdk.js (1)
10월 25, 2021 16:05:02.866 [1804:1536:1025/160502.865:ERROR:chrome_browser_main_extra_parts_metrics.cc(228)] crbug.com/1216328: Checking Bluetooth availability started. Please report if there is no report that this ends.
10월 25, 2021 16:05:02.878 [1804:1536:1025/160502.877:ERROR:chrome_browser_main_extra_parts_metrics.cc(231)] crbug.com/1216328: Checking Bluetooth availability ended.
10월 25, 2021 16:05:02.879 [1804:1536:1025/160502.878:ERROR:chrome_browser_main_extra_parts_metrics.cc(234)] crbug.com/1216328: Checking default browser status started. Please report if there is no report that this ends.
10월 25, 2021 16:05:02.880 [1804:1536:1025/160502.880:ERROR:chrome_browser_main_extra_parts_metrics.cc(238)] crbug.com/1216328: Checking default browser status ended.
10월 25, 2021 16:05:02.885 [1804:5724:1025/160502.884:ERROR:device_event_log_impl.cc(214)] [16:05:02.884] Bluetooth: bluetooth_adapter_winrt.cc:1073 Getting Default Adapter failed.
10월 25, 2021 16:32:19.855 [13080:6152:1025/163219.854:ERROR:chrome_browser_main_extra_parts_metrics.cc(228)] crbug.com/1216328: Checking Bluetooth availability started. Please report if there is no report that this ends.
10월 25, 2021 16:32:19.864 [13080:6152:1025/163219.855:ERROR:chrome_browser_main_extra_parts_metrics.cc(231)] crbug.com/1216328: Checking Bluetooth availability ended.
10월 25, 2021 16:32:19.865 [13080:12384:1025/163219.864:ERROR:device_event_log_impl.cc(214)] [16:32:19.864] Bluetooth: bluetooth_adapter_winrt.cc:1073 Getting Default Adapter failed.
10월 25, 2021 16:32:19.865 [13080:6152:1025/163219.865:ERROR:chrome_browser_main_extra_parts_metrics.cc(234)] crbug.com/1216328: Checking default browser status started. Please report if there is no report that this ends.
10월 25, 2021 16:32:19.866 [13080:6152:1025/163219.866:ERROR:chrome_browser_main_extra_parts_metrics.cc(238)] crbug.com/1216328: Checking default browser status ended.
