
9월 13, 2021 17:38:19.83 NEW SESSION
9월 13, 2021 17:38:19.83 [20116:4208:0913/173819.829:ERROR:external_registry_loader_win.cc(158)] File C:\Users\david\AppData\Local\Google\Drive\user_default\apdfllckaahabafndbhieahigkjlhalf_live.crx for key Software\Google\Chrome\Extensions\apdfllckaahabafndbhieahigkjlhalf does not exist or is not readable.
9월 13, 2021 17:38:22.38 [20116:21208:0913/173822.388:ERROR:device_event_log_impl.cc(214)] [17:38:22.388] USB: usb_device_handle_win.cc:1048 Failed to read descriptor from node connection: 시스템에 부착된 장치가 작동하지 않습니다. (0x1F)
9월 13, 2021 17:50:24.60 [20116:21208:0913/175024.601:ERROR:account_info_fetcher.cc(62)] OnGetTokenFailure: Invalid credentials (credentials rejected by client).
9월 14, 2021 06:55:37.55 [20116:21208:0914/065537.553:ERROR:device_event_log_impl.cc(214)] [06:55:37.553] USB: usb_service_win.cc:258 Failed to get device driver name: 요소가 없습니다. (0x490)

9월 19, 2021 17:28:30.86 NEW SESSION
9월 19, 2021 17:28:30.86 [15936:7416:0919/172830.865:ERROR:external_registry_loader_win.cc(158)] File C:\Users\david\AppData\Local\Google\Drive\user_default\apdfllckaahabafndbhieahigkjlhalf_live.crx for key Software\Google\Chrome\Extensions\apdfllckaahabafndbhieahigkjlhalf does not exist or is not readable.
9월 19, 2021 17:28:34.59 [15936:13708:0919/172834.594:ERROR:device_event_log_impl.cc(214)] [17:28:34.594] USB: usb_device_handle_win.cc:1048 Failed to read descriptor from node connection: 시스템에 부착된 장치가 작동하지 않습니다. (0x1F)
9월 19, 2021 17:50:20.34 [15936:13708:0919/175020.338:ERROR:account_info_fetcher.cc(62)] OnGetTokenFailure: Invalid credentials (credentials rejected by client).
9월 19, 2021 18:12:22.53 [15936:18164:0919/181222.538:ERROR:connection_factory_impl.cc(429)] Failed to connect to MCS endpoint with error -105
9월 19, 2021 18:12:24.62 [15936:18164:0919/181224.622:ERROR:connection_factory_impl.cc(429)] Failed to connect to MCS endpoint with error -106
9월 19, 2021 18:12:25.09 [15936:13708:0919/181225.095:ERROR:device_event_log_impl.cc(214)] [18:12:25.095] USB: usb_service_win.cc:258 Failed to get device driver name: 요소가 없습니다. (0x490)
9월 19, 2021 18:32:28.03 [15936:18164:0919/183228.032:ERROR:connection_factory_impl.cc(429)] Failed to connect to MCS endpoint with error -106
9월 19, 2021 19:57:18.64 [15936:13708:0919/195718.380:ERROR:device_event_log_impl.cc(214)] [19:57:18.381] USB: usb_service_win.cc:258 Failed to get device driver name: 요소가 없습니다. (0x490)
9월 19, 2021 22:01:21.74 [15936:18164:0919/220121.741:ERROR:connection_factory_impl.cc(429)] Failed to connect to MCS endpoint with error -106

9월 22, 2021 23:10:20.53 NEW SESSION
9월 22, 2021 23:10:20.53 [2028:17628:0922/231020.528:ERROR:external_registry_loader_win.cc(158)] File C:\Users\david\AppData\Local\Google\Drive\user_default\apdfllckaahabafndbhieahigkjlhalf_live.crx for key Software\Google\Chrome\Extensions\apdfllckaahabafndbhieahigkjlhalf does not exist or is not readable.

9월 24, 2021 16:11:19.74 NEW SESSION
9월 24, 2021 16:11:19.74 [24424:1968:0924/161119.716:ERROR:external_registry_loader_win.cc(158)] File C:\Users\david\AppData\Local\Google\Drive\user_default\apdfllckaahabafndbhieahigkjlhalf_live.crx for key Software\Google\Chrome\Extensions\apdfllckaahabafndbhieahigkjlhalf does not exist or is not readable.

9월 24, 2021 16:13:54.57 NEW SESSION
9월 24, 2021 16:13:54.57 [10764:19556:0924/161354.572:ERROR:external_registry_loader_win.cc(158)] File C:\Users\david\AppData\Local\Google\Drive\user_default\apdfllckaahabafndbhieahigkjlhalf_live.crx for key Software\Google\Chrome\Extensions\apdfllckaahabafndbhieahigkjlhalf does not exist or is not readable.

9월 26, 2021 23:34:48.91 NEW SESSION
9월 26, 2021 23:34:48.91 [2976:6408:0926/233448.816:ERROR:external_registry_loader_win.cc(158)] File C:\Users\david\AppData\Local\Google\Drive\user_default\apdfllckaahabafndbhieahigkjlhalf_live.crx for key Software\Google\Chrome\Extensions\apdfllckaahabafndbhieahigkjlhalf does not exist or is not readable.
9월 26, 2021 23:36:08.27 [9384:14368:0926/233608.274:ERROR:external_registry_loader_win.cc(158)] File C:\Users\david\AppData\Local\Google\Drive\user_default\apdfllckaahabafndbhieahigkjlhalf_live.crx for key Software\Google\Chrome\Extensions\apdfllckaahabafndbhieahigkjlhalf does not exist or is not readable.
9월 26, 2021 23:37:26.30 [2364:13004:0926/233726.301:ERROR:external_registry_loader_win.cc(158)] File C:\Users\david\AppData\Local\Google\Drive\user_default\apdfllckaahabafndbhieahigkjlhalf_live.crx for key Software\Google\Chrome\Extensions\apdfllckaahabafndbhieahigkjlhalf does not exist or is not readable.

9월 27, 2021 18:10:12.59 NEW SESSION
9월 27, 2021 18:10:12.59 [24532:8704:0927/181012.581:ERROR:external_registry_loader_win.cc(158)] File C:\Users\david\AppData\Local\Google\Drive\user_default\apdfllckaahabafndbhieahigkjlhalf_live.crx for key Software\Google\Chrome\Extensions\apdfllckaahabafndbhieahigkjlhalf does not exist or is not readable.

9월 28, 2021 19:14:05.17 NEW SESSION
9월 28, 2021 19:14:05.17 [21564:22180:0928/191405.179:ERROR:external_registry_loader_win.cc(158)] File C:\Users\david\AppData\Local\Google\Drive\user_default\apdfllckaahabafndbhieahigkjlhalf_live.crx for key Software\Google\Chrome\Extensions\apdfllckaahabafndbhieahigkjlhalf does not exist or is not readable.
9월 28, 2021 19:14:07.81 [21564:19392:0928/191407.818:ERROR:chrome_browser_main_extra_parts_metrics.cc(228)] crbug.com/1216328: Checking Bluetooth availability started. Please report if there is no report that this ends.
9월 28, 2021 19:14:07.82 [21564:19392:0928/191407.818:ERROR:chrome_browser_main_extra_parts_metrics.cc(231)] crbug.com/1216328: Checking Bluetooth availability ended.
9월 28, 2021 19:14:07.82 [21564:19392:0928/191407.818:ERROR:chrome_browser_main_extra_parts_metrics.cc(234)] crbug.com/1216328: Checking default browser status started. Please report if there is no report that this ends.
9월 28, 2021 19:14:07.83 [21564:19392:0928/191407.832:ERROR:chrome_browser_main_extra_parts_metrics.cc(238)] crbug.com/1216328: Checking default browser status ended.
9월 28, 2021 19:14:07.83 [21564:9800:0928/191407.832:ERROR:device_event_log_impl.cc(214)] [19:14:07.833] USB: usb_device_handle_win.cc:1048 Failed to read descriptor from node connection: 시스템에 부착된 장치가 작동하지 않습니다. (0x1F)

10월 06, 2021 15:09:15.23 NEW SESSION
10월 06, 2021 15:09:15.23 [21616:17008:1006/150915.200:ERROR:external_registry_loader_win.cc(158)] File C:\Users\david\AppData\Local\Google\Drive\user_default\apdfllckaahabafndbhieahigkjlhalf_live.crx for key Software\Google\Chrome\Extensions\apdfllckaahabafndbhieahigkjlhalf does not exist or is not readable.
10월 06, 2021 15:09:18.01 [21616:12484:1006/150918.011:ERROR:chrome_browser_main_extra_parts_metrics.cc(228)] crbug.com/1216328: Checking Bluetooth availability started. Please report if there is no report that this ends.
10월 06, 2021 15:09:18.01 [21616:12484:1006/150918.011:ERROR:chrome_browser_main_extra_parts_metrics.cc(231)] crbug.com/1216328: Checking Bluetooth availability ended.
10월 06, 2021 15:09:18.01 [21616:12484:1006/150918.011:ERROR:chrome_browser_main_extra_parts_metrics.cc(234)] crbug.com/1216328: Checking default browser status started. Please report if there is no report that this ends.
10월 06, 2021 15:09:18.02 [21616:12484:1006/150918.027:ERROR:chrome_browser_main_extra_parts_metrics.cc(238)] crbug.com/1216328: Checking default browser status ended.
10월 06, 2021 15:35:25.58 [17468:11320:1006/153525.588:ERROR:external_registry_loader_win.cc(158)] File C:\Users\david\AppData\Local\Google\Drive\user_default\apdfllckaahabafndbhieahigkjlhalf_live.crx for key Software\Google\Chrome\Extensions\apdfllckaahabafndbhieahigkjlhalf does not exist or is not readable.
10월 06, 2021 15:35:28.43 [17468:21376:1006/153528.434:ERROR:chrome_browser_main_extra_parts_metrics.cc(228)] crbug.com/1216328: Checking Bluetooth availability started. Please report if there is no report that this ends.
10월 06, 2021 15:35:28.43 [17468:21376:1006/153528.434:ERROR:chrome_browser_main_extra_parts_metrics.cc(231)] crbug.com/1216328: Checking Bluetooth availability ended.
10월 06, 2021 15:35:28.43 [17468:21376:1006/153528.434:ERROR:chrome_browser_main_extra_parts_metrics.cc(234)] crbug.com/1216328: Checking default browser status started. Please report if there is no report that this ends.
10월 06, 2021 15:35:28.45 [17468:21376:1006/153528.450:ERROR:chrome_browser_main_extra_parts_metrics.cc(238)] crbug.com/1216328: Checking default browser status ended.

10월 07, 2021 10:38:10.12 NEW SESSION
10월 07, 2021 10:38:10.12 [976:19336:1007/103810.123:ERROR:external_registry_loader_win.cc(158)] File C:\Users\david\AppData\Local\Google\Drive\user_default\apdfllckaahabafndbhieahigkjlhalf_live.crx for key Software\Google\Chrome\Extensions\apdfllckaahabafndbhieahigkjlhalf does not exist or is not readable.
10월 07, 2021 10:38:13.35 [976:20220:1007/103813.356:ERROR:chrome_browser_main_extra_parts_metrics.cc(228)] crbug.com/1216328: Checking Bluetooth availability started. Please report if there is no report that this ends.
10월 07, 2021 10:38:13.35 [976:20220:1007/103813.356:ERROR:chrome_browser_main_extra_parts_metrics.cc(231)] crbug.com/1216328: Checking Bluetooth availability ended.
10월 07, 2021 10:38:13.35 [976:20220:1007/103813.356:ERROR:chrome_browser_main_extra_parts_metrics.cc(234)] crbug.com/1216328: Checking default browser status started. Please report if there is no report that this ends.
10월 07, 2021 10:38:13.37 [976:20220:1007/103813.370:ERROR:chrome_browser_main_extra_parts_metrics.cc(238)] crbug.com/1216328: Checking default browser status ended.
10월 07, 2021 12:11:57.86 [20364:260:1007/121157.863:ERROR:external_registry_loader_win.cc(158)] File C:\Users\david\AppData\Local\Google\Drive\user_default\apdfllckaahabafndbhieahigkjlhalf_live.crx for key Software\Google\Chrome\Extensions\apdfllckaahabafndbhieahigkjlhalf does not exist or is not readable.
10월 07, 2021 12:12:00.81 [20364:18812:1007/121200.809:ERROR:chrome_browser_main_extra_parts_metrics.cc(228)] crbug.com/1216328: Checking Bluetooth availability started. Please report if there is no report that this ends.
10월 07, 2021 12:12:00.81 [20364:18812:1007/121200.809:ERROR:chrome_browser_main_extra_parts_metrics.cc(231)] crbug.com/1216328: Checking Bluetooth availability ended.
10월 07, 2021 12:12:00.81 [20364:18812:1007/121200.809:ERROR:chrome_browser_main_extra_parts_metrics.cc(234)] crbug.com/1216328: Checking default browser status started. Please report if there is no report that this ends.
10월 07, 2021 12:12:00.83 [20364:18812:1007/121200.836:ERROR:chrome_browser_main_extra_parts_metrics.cc(238)] crbug.com/1216328: Checking default browser status ended.
10월 07, 2021 13:04:04.44 [17800:6004:1007/130404.440:ERROR:external_registry_loader_win.cc(158)] File C:\Users\david\AppData\Local\Google\Drive\user_default\apdfllckaahabafndbhieahigkjlhalf_live.crx for key Software\Google\Chrome\Extensions\apdfllckaahabafndbhieahigkjlhalf does not exist or is not readable.
10월 07, 2021 13:04:07.68 [17800:9880:1007/130407.684:ERROR:chrome_browser_main_extra_parts_metrics.cc(228)] crbug.com/1216328: Checking Bluetooth availability started. Please report if there is no report that this ends.
10월 07, 2021 13:04:07.69 [17800:9880:1007/130407.685:ERROR:chrome_browser_main_extra_parts_metrics.cc(231)] crbug.com/1216328: Checking Bluetooth availability ended.
10월 07, 2021 13:04:07.69 [17800:9880:1007/130407.685:ERROR:chrome_browser_main_extra_parts_metrics.cc(234)] crbug.com/1216328: Checking default browser status started. Please report if there is no report that this ends.
10월 07, 2021 13:04:07.72 [17800:9880:1007/130407.722:ERROR:chrome_browser_main_extra_parts_metrics.cc(238)] crbug.com/1216328: Checking default browser status ended.
10월 07, 2021 15:28:57.24 [4588:21048:1007/152857.242:ERROR:external_registry_loader_win.cc(158)] File C:\Users\david\AppData\Local\Google\Drive\user_default\apdfllckaahabafndbhieahigkjlhalf_live.crx for key Software\Google\Chrome\Extensions\apdfllckaahabafndbhieahigkjlhalf does not exist or is not readable.
10월 07, 2021 15:28:59.73 [4588:21392:1007/152859.735:ERROR:chrome_browser_main_extra_parts_metrics.cc(228)] crbug.com/1216328: Checking Bluetooth availability started. Please report if there is no report that this ends.
10월 07, 2021 15:28:59.73 [4588:21392:1007/152859.735:ERROR:chrome_browser_main_extra_parts_metrics.cc(231)] crbug.com/1216328: Checking Bluetooth availability ended.
10월 07, 2021 15:28:59.73 [4588:21392:1007/152859.735:ERROR:chrome_browser_main_extra_parts_metrics.cc(234)] crbug.com/1216328: Checking default browser status started. Please report if there is no report that this ends.
10월 07, 2021 15:28:59.75 [4588:21392:1007/152859.749:ERROR:chrome_browser_main_extra_parts_metrics.cc(238)] crbug.com/1216328: Checking default browser status ended.
10월 07, 2021 15:34:06.59 [17892:2364:1007/153406.594:ERROR:external_registry_loader_win.cc(158)] File C:\Users\david\AppData\Local\Google\Drive\user_default\apdfllckaahabafndbhieahigkjlhalf_live.crx for key Software\Google\Chrome\Extensions\apdfllckaahabafndbhieahigkjlhalf does not exist or is not readable.
10월 07, 2021 15:34:09.52 [17892:21604:1007/153409.520:ERROR:chrome_browser_main_extra_parts_metrics.cc(228)] crbug.com/1216328: Checking Bluetooth availability started. Please report if there is no report that this ends.
10월 07, 2021 15:34:09.52 [17892:21604:1007/153409.520:ERROR:chrome_browser_main_extra_parts_metrics.cc(231)] crbug.com/1216328: Checking Bluetooth availability ended.
10월 07, 2021 15:34:09.52 [17892:21604:1007/153409.520:ERROR:chrome_browser_main_extra_parts_metrics.cc(234)] crbug.com/1216328: Checking default browser status started. Please report if there is no report that this ends.
10월 07, 2021 15:34:09.53 [17892:21604:1007/153409.534:ERROR:chrome_browser_main_extra_parts_metrics.cc(238)] crbug.com/1216328: Checking default browser status ended.
10월 07, 2021 15:35:31.92 [17840:20760:1007/153531.919:ERROR:external_registry_loader_win.cc(158)] File C:\Users\david\AppData\Local\Google\Drive\user_default\apdfllckaahabafndbhieahigkjlhalf_live.crx for key Software\Google\Chrome\Extensions\apdfllckaahabafndbhieahigkjlhalf does not exist or is not readable.
10월 07, 2021 15:35:34.74 [17840:14196:1007/153534.743:ERROR:chrome_browser_main_extra_parts_metrics.cc(228)] crbug.com/1216328: Checking Bluetooth availability started. Please report if there is no report that this ends.
10월 07, 2021 15:35:34.74 [17840:14196:1007/153534.743:ERROR:chrome_browser_main_extra_parts_metrics.cc(231)] crbug.com/1216328: Checking Bluetooth availability ended.
10월 07, 2021 15:35:34.74 [17840:14196:1007/153534.743:ERROR:chrome_browser_main_extra_parts_metrics.cc(234)] crbug.com/1216328: Checking default browser status started. Please report if there is no report that this ends.
10월 07, 2021 15:35:34.76 [17840:14196:1007/153534.759:ERROR:chrome_browser_main_extra_parts_metrics.cc(238)] crbug.com/1216328: Checking default browser status ended.
10월 07, 2021 15:38:03.71 [12760:18560:1007/153803.715:ERROR:external_registry_loader_win.cc(158)] File C:\Users\david\AppData\Local\Google\Drive\user_default\apdfllckaahabafndbhieahigkjlhalf_live.crx for key Software\Google\Chrome\Extensions\apdfllckaahabafndbhieahigkjlhalf does not exist or is not readable.
10월 07, 2021 15:38:07.72 [12760:21872:1007/153807.719:ERROR:chrome_browser_main_extra_parts_metrics.cc(228)] crbug.com/1216328: Checking Bluetooth availability started. Please report if there is no report that this ends.
10월 07, 2021 15:38:07.72 [12760:21872:1007/153807.719:ERROR:chrome_browser_main_extra_parts_metrics.cc(231)] crbug.com/1216328: Checking Bluetooth availability ended.
10월 07, 2021 15:38:07.72 [12760:21872:1007/153807.719:ERROR:chrome_browser_main_extra_parts_metrics.cc(234)] crbug.com/1216328: Checking default browser status started. Please report if there is no report that this ends.
10월 07, 2021 15:38:07.73 [12760:21872:1007/153807.734:ERROR:chrome_browser_main_extra_parts_metrics.cc(238)] crbug.com/1216328: Checking default browser status ended.
10월 07, 2021 15:38:12.51 [22256:19452:1007/153812.516:ERROR:external_registry_loader_win.cc(158)] File C:\Users\david\AppData\Local\Google\Drive\user_default\apdfllckaahabafndbhieahigkjlhalf_live.crx for key Software\Google\Chrome\Extensions\apdfllckaahabafndbhieahigkjlhalf does not exist or is not readable.
10월 07, 2021 15:38:15.38 [22256:22144:1007/153815.386:ERROR:chrome_browser_main_extra_parts_metrics.cc(228)] crbug.com/1216328: Checking Bluetooth availability started. Please report if there is no report that this ends.
10월 07, 2021 15:38:15.38 [22256:22144:1007/153815.386:ERROR:chrome_browser_main_extra_parts_metrics.cc(231)] crbug.com/1216328: Checking Bluetooth availability ended.
10월 07, 2021 15:38:15.38 [22256:22144:1007/153815.386:ERROR:chrome_browser_main_extra_parts_metrics.cc(234)] crbug.com/1216328: Checking default browser status started. Please report if there is no report that this ends.
10월 07, 2021 15:38:15.40 [22256:22144:1007/153815.401:ERROR:chrome_browser_main_extra_parts_metrics.cc(238)] crbug.com/1216328: Checking default browser status ended.
10월 07, 2021 15:38:35.11 [21388:19064:1007/153835.118:ERROR:external_registry_loader_win.cc(158)] File C:\Users\david\AppData\Local\Google\Drive\user_default\apdfllckaahabafndbhieahigkjlhalf_live.crx for key Software\Google\Chrome\Extensions\apdfllckaahabafndbhieahigkjlhalf does not exist or is not readable.
10월 07, 2021 15:38:37.91 [21388:20568:1007/153837.917:ERROR:chrome_browser_main_extra_parts_metrics.cc(228)] crbug.com/1216328: Checking Bluetooth availability started. Please report if there is no report that this ends.
10월 07, 2021 15:38:37.91 [21388:20568:1007/153837.917:ERROR:chrome_browser_main_extra_parts_metrics.cc(231)] crbug.com/1216328: Checking Bluetooth availability ended.
10월 07, 2021 15:38:37.92 [21388:20568:1007/153837.917:ERROR:chrome_browser_main_extra_parts_metrics.cc(234)] crbug.com/1216328: Checking default browser status started. Please report if there is no report that this ends.
10월 07, 2021 15:38:37.93 [21388:20568:1007/153837.930:ERROR:chrome_browser_main_extra_parts_metrics.cc(238)] crbug.com/1216328: Checking default browser status ended.
10월 07, 2021 15:41:53.51 [15704:18228:1007/154153.519:ERROR:external_registry_loader_win.cc(158)] File C:\Users\david\AppData\Local\Google\Drive\user_default\apdfllckaahabafndbhieahigkjlhalf_live.crx for key Software\Google\Chrome\Extensions\apdfllckaahabafndbhieahigkjlhalf does not exist or is not readable.
10월 07, 2021 15:41:56.68 [15704:20488:1007/154156.682:ERROR:chrome_browser_main_extra_parts_metrics.cc(228)] crbug.com/1216328: Checking Bluetooth availability started. Please report if there is no report that this ends.
10월 07, 2021 15:41:56.68 [15704:20488:1007/154156.682:ERROR:chrome_browser_main_extra_parts_metrics.cc(231)] crbug.com/1216328: Checking Bluetooth availability ended.
10월 07, 2021 15:41:56.68 [15704:20488:1007/154156.682:ERROR:chrome_browser_main_extra_parts_metrics.cc(234)] crbug.com/1216328: Checking default browser status started. Please report if there is no report that this ends.
10월 07, 2021 15:41:56.69 [15704:20488:1007/154156.697:ERROR:chrome_browser_main_extra_parts_metrics.cc(238)] crbug.com/1216328: Checking default browser status ended.

10월 07, 2021 15:43:59.56 NEW SESSION
10월 07, 2021 15:43:59.56 [18356:19476:1007/154359.566:ERROR:external_registry_loader_win.cc(158)] File C:\Users\david\AppData\Local\Google\Drive\user_default\apdfllckaahabafndbhieahigkjlhalf_live.crx for key Software\Google\Chrome\Extensions\apdfllckaahabafndbhieahigkjlhalf does not exist or is not readable.
10월 07, 2021 15:44:02.86 [18356:11512:1007/154402.864:ERROR:chrome_browser_main_extra_parts_metrics.cc(228)] crbug.com/1216328: Checking Bluetooth availability started. Please report if there is no report that this ends.
10월 07, 2021 15:44:02.86 [18356:11512:1007/154402.864:ERROR:chrome_browser_main_extra_parts_metrics.cc(231)] crbug.com/1216328: Checking Bluetooth availability ended.
10월 07, 2021 15:44:02.86 [18356:11512:1007/154402.864:ERROR:chrome_browser_main_extra_parts_metrics.cc(234)] crbug.com/1216328: Checking default browser status started. Please report if there is no report that this ends.
10월 07, 2021 15:44:02.88 [18356:11512:1007/154402.888:ERROR:chrome_browser_main_extra_parts_metrics.cc(238)] crbug.com/1216328: Checking default browser status ended.
10월 07, 2021 16:05:30.51 [21772:20612:1007/160530.511:ERROR:external_registry_loader_win.cc(158)] File C:\Users\david\AppData\Local\Google\Drive\user_default\apdfllckaahabafndbhieahigkjlhalf_live.crx for key Software\Google\Chrome\Extensions\apdfllckaahabafndbhieahigkjlhalf does not exist or is not readable.
10월 07, 2021 16:05:33.55 [21772:20692:1007/160533.550:ERROR:chrome_browser_main_extra_parts_metrics.cc(228)] crbug.com/1216328: Checking Bluetooth availability started. Please report if there is no report that this ends.
10월 07, 2021 16:05:33.55 [21772:20692:1007/160533.550:ERROR:chrome_browser_main_extra_parts_metrics.cc(231)] crbug.com/1216328: Checking Bluetooth availability ended.
10월 07, 2021 16:05:33.55 [21772:20692:1007/160533.550:ERROR:chrome_browser_main_extra_parts_metrics.cc(234)] crbug.com/1216328: Checking default browser status started. Please report if there is no report that this ends.
10월 07, 2021 16:05:33.59 [21772:20692:1007/160533.591:ERROR:chrome_browser_main_extra_parts_metrics.cc(238)] crbug.com/1216328: Checking default browser status ended.

10월 07, 2021 16:20:41.31 NEW SESSION
10월 07, 2021 16:20:41.31 [21696:21996:1007/162041.311:ERROR:external_registry_loader_win.cc(158)] File C:\Users\david\AppData\Local\Google\Drive\user_default\apdfllckaahabafndbhieahigkjlhalf_live.crx for key Software\Google\Chrome\Extensions\apdfllckaahabafndbhieahigkjlhalf does not exist or is not readable.
10월 07, 2021 16:20:44.25 [21696:20292:1007/162044.254:ERROR:chrome_browser_main_extra_parts_metrics.cc(228)] crbug.com/1216328: Checking Bluetooth availability started. Please report if there is no report that this ends.
10월 07, 2021 16:20:44.25 [21696:20292:1007/162044.254:ERROR:chrome_browser_main_extra_parts_metrics.cc(231)] crbug.com/1216328: Checking Bluetooth availability ended.
10월 07, 2021 16:20:44.26 [21696:20292:1007/162044.254:ERROR:chrome_browser_main_extra_parts_metrics.cc(234)] crbug.com/1216328: Checking default browser status started. Please report if there is no report that this ends.
10월 07, 2021 16:20:44.27 [21696:19084:1007/162044.274:ERROR:device_event_log_impl.cc(214)] [16:20:44.274] USB: usb_device_handle_win.cc:1048 Failed to read descriptor from node connection: 시스템에 부착된 장치가 작동하지 않습니다. (0x1F)
10월 07, 2021 16:20:44.27 [21696:19084:1007/162044.274:ERROR:device_event_log_impl.cc(214)] [16:20:44.274] USB: usb_device_handle_win.cc:1048 Failed to read descriptor from node connection: 시스템에 부착된 장치가 작동하지 않습니다. (0x1F)
10월 07, 2021 16:20:44.28 [21696:20292:1007/162044.285:ERROR:chrome_browser_main_extra_parts_metrics.cc(238)] crbug.com/1216328: Checking default browser status ended.
10월 07, 2021 16:48:32.64 [20596:21764:1007/164832.639:ERROR:external_registry_loader_win.cc(158)] File C:\Users\david\AppData\Local\Google\Drive\user_default\apdfllckaahabafndbhieahigkjlhalf_live.crx for key Software\Google\Chrome\Extensions\apdfllckaahabafndbhieahigkjlhalf does not exist or is not readable.
10월 07, 2021 16:48:35.08 [20596:19088:1007/164835.080:ERROR:chrome_browser_main_extra_parts_metrics.cc(228)] crbug.com/1216328: Checking Bluetooth availability started. Please report if there is no report that this ends.
10월 07, 2021 16:48:35.08 [20596:19088:1007/164835.080:ERROR:chrome_browser_main_extra_parts_metrics.cc(231)] crbug.com/1216328: Checking Bluetooth availability ended.
10월 07, 2021 16:48:35.08 [20596:19088:1007/164835.080:ERROR:chrome_browser_main_extra_parts_metrics.cc(234)] crbug.com/1216328: Checking default browser status started. Please report if there is no report that this ends.
10월 07, 2021 16:48:35.10 [20596:19088:1007/164835.100:ERROR:chrome_browser_main_extra_parts_metrics.cc(238)] crbug.com/1216328: Checking default browser status ended.

10월 08, 2021 11:58:50.72 NEW SESSION
10월 08, 2021 11:58:50.72 [20600:20472:1008/115850.727:ERROR:external_registry_loader_win.cc(158)] File C:\Users\david\AppData\Local\Google\Drive\user_default\apdfllckaahabafndbhieahigkjlhalf_live.crx for key Software\Google\Chrome\Extensions\apdfllckaahabafndbhieahigkjlhalf does not exist or is not readable.
10월 08, 2021 11:58:53.57 [20600:17372:1008/115853.575:ERROR:chrome_browser_main_extra_parts_metrics.cc(228)] crbug.com/1216328: Checking Bluetooth availability started. Please report if there is no report that this ends.
10월 08, 2021 11:58:53.57 [20600:17372:1008/115853.575:ERROR:chrome_browser_main_extra_parts_metrics.cc(231)] crbug.com/1216328: Checking Bluetooth availability ended.
10월 08, 2021 11:58:53.58 [20600:17372:1008/115853.575:ERROR:chrome_browser_main_extra_parts_metrics.cc(234)] crbug.com/1216328: Checking default browser status started. Please report if there is no report that this ends.
10월 08, 2021 11:58:53.62 [20600:17372:1008/115853.623:ERROR:chrome_browser_main_extra_parts_metrics.cc(238)] crbug.com/1216328: Checking default browser status ended.
10월 08, 2021 12:01:38.04 [19016:3644:1008/120138.047:ERROR:external_registry_loader_win.cc(158)] File C:\Users\david\AppData\Local\Google\Drive\user_default\apdfllckaahabafndbhieahigkjlhalf_live.crx for key Software\Google\Chrome\Extensions\apdfllckaahabafndbhieahigkjlhalf does not exist or is not readable.
10월 08, 2021 12:01:40.69 [19016:20516:1008/120140.695:ERROR:chrome_browser_main_extra_parts_metrics.cc(228)] crbug.com/1216328: Checking Bluetooth availability started. Please report if there is no report that this ends.
10월 08, 2021 12:01:40.70 [19016:20516:1008/120140.695:ERROR:chrome_browser_main_extra_parts_metrics.cc(231)] crbug.com/1216328: Checking Bluetooth availability ended.
10월 08, 2021 12:01:40.70 [19016:20516:1008/120140.695:ERROR:chrome_browser_main_extra_parts_metrics.cc(234)] crbug.com/1216328: Checking default browser status started. Please report if there is no report that this ends.
10월 08, 2021 12:01:40.74 [19016:20516:1008/120140.744:ERROR:chrome_browser_main_extra_parts_metrics.cc(238)] crbug.com/1216328: Checking default browser status ended.
10월 08, 2021 14:52:08.41 [17436:1372:1008/145208.411:ERROR:external_registry_loader_win.cc(158)] File C:\Users\david\AppData\Local\Google\Drive\user_default\apdfllckaahabafndbhieahigkjlhalf_live.crx for key Software\Google\Chrome\Extensions\apdfllckaahabafndbhieahigkjlhalf does not exist or is not readable.
10월 08, 2021 14:52:11.04 [17436:9308:1008/145211.043:ERROR:chrome_browser_main_extra_parts_metrics.cc(228)] crbug.com/1216328: Checking Bluetooth availability started. Please report if there is no report that this ends.
10월 08, 2021 14:52:11.04 [17436:9308:1008/145211.043:ERROR:chrome_browser_main_extra_parts_metrics.cc(231)] crbug.com/1216328: Checking Bluetooth availability ended.
10월 08, 2021 14:52:11.05 [17436:9308:1008/145211.043:ERROR:chrome_browser_main_extra_parts_metrics.cc(234)] crbug.com/1216328: Checking default browser status started. Please report if there is no report that this ends.
10월 08, 2021 14:52:11.07 [17436:9308:1008/145211.076:ERROR:chrome_browser_main_extra_parts_metrics.cc(238)] crbug.com/1216328: Checking default browser status ended.
10월 08, 2021 14:59:04.44 [20764:14720:1008/145904.446:ERROR:external_registry_loader_win.cc(158)] File C:\Users\david\AppData\Local\Google\Drive\user_default\apdfllckaahabafndbhieahigkjlhalf_live.crx for key Software\Google\Chrome\Extensions\apdfllckaahabafndbhieahigkjlhalf does not exist or is not readable.
10월 08, 2021 14:59:07.84 [20764:3536:1008/145907.847:ERROR:chrome_browser_main_extra_parts_metrics.cc(228)] crbug.com/1216328: Checking Bluetooth availability started. Please report if there is no report that this ends.
10월 08, 2021 14:59:07.85 [20764:3536:1008/145907.847:ERROR:chrome_browser_main_extra_parts_metrics.cc(231)] crbug.com/1216328: Checking Bluetooth availability ended.
10월 08, 2021 14:59:07.85 [20764:3536:1008/145907.847:ERROR:chrome_browser_main_extra_parts_metrics.cc(234)] crbug.com/1216328: Checking default browser status started. Please report if there is no report that this ends.
10월 08, 2021 14:59:07.89 [20764:3536:1008/145907.894:ERROR:chrome_browser_main_extra_parts_metrics.cc(238)] crbug.com/1216328: Checking default browser status ended.
10월 08, 2021 15:12:32.95 [9952:21556:1008/151232.953:ERROR:external_registry_loader_win.cc(158)] File C:\Users\david\AppData\Local\Google\Drive\user_default\apdfllckaahabafndbhieahigkjlhalf_live.crx for key Software\Google\Chrome\Extensions\apdfllckaahabafndbhieahigkjlhalf does not exist or is not readable.
10월 08, 2021 15:12:35.38 [9952:7904:1008/151235.381:ERROR:chrome_browser_main_extra_parts_metrics.cc(228)] crbug.com/1216328: Checking Bluetooth availability started. Please report if there is no report that this ends.
10월 08, 2021 15:12:35.38 [9952:7904:1008/151235.381:ERROR:chrome_browser_main_extra_parts_metrics.cc(231)] crbug.com/1216328: Checking Bluetooth availability ended.
10월 08, 2021 15:12:35.38 [9952:7904:1008/151235.381:ERROR:chrome_browser_main_extra_parts_metrics.cc(234)] crbug.com/1216328: Checking default browser status started. Please report if there is no report that this ends.
10월 08, 2021 15:12:35.39 [9952:7904:1008/151235.396:ERROR:chrome_browser_main_extra_parts_metrics.cc(238)] crbug.com/1216328: Checking default browser status ended.
